d:\github\gobang\gobang\x64\debug\gobang.pch
d:\github\gobang\gobang\x64\debug\vc143.pdb
d:\github\gobang\gobang\x64\debug\vc143.idb
d:\github\gobang\gobang\x64\debug\pch.obj
d:\github\gobang\gobang\x64\debug\viewtree.obj
d:\github\gobang\gobang\x64\debug\propertieswnd.obj
d:\github\gobang\gobang\x64\debug\outputwnd.obj
d:\github\gobang\gobang\x64\debug\mainfrm.obj
d:\github\gobang\gobang\x64\debug\gobangview.obj
d:\github\gobang\gobang\x64\debug\gobangdoc.obj
d:\github\gobang\gobang\x64\debug\gobang.obj
d:\github\gobang\gobang\x64\debug\fileview.obj
d:\github\gobang\gobang\x64\debug\classview.obj
d:\github\gobang\gobang\x64\debug\childfrm.obj
d:\github\gobang\gobang\x64\debug\cchessmanager.obj
d:\github\gobang\gobang\x64\debug\cchess.obj
d:\github\gobang\x64\debug\gobang.exe
d:\github\gobang\x64\debug\gobang.pdb
d:\github\gobang\gobang\x64\debug\gobang.res
d:\github\gobang\gobang\x64\debug\gobang.ilk
d:\github\gobang\gobang\x64\debug\gobang.tlog\cl.command.1.tlog
d:\github\gobang\gobang\x64\debug\gobang.tlog\cl.items.tlog
d:\github\gobang\gobang\x64\debug\gobang.tlog\cl.read.1.tlog
d:\github\gobang\gobang\x64\debug\gobang.tlog\cl.write.1.tlog
d:\github\gobang\gobang\x64\debug\gobang.tlog\link.command.1.tlog
d:\github\gobang\gobang\x64\debug\gobang.tlog\link.read.1.tlog
d:\github\gobang\gobang\x64\debug\gobang.tlog\link.secondary.1.tlog
d:\github\gobang\gobang\x64\debug\gobang.tlog\link.write.1.tlog
d:\github\gobang\gobang\x64\debug\gobang.tlog\rc.command.1.tlog
d:\github\gobang\gobang\x64\debug\gobang.tlog\rc.read.1.tlog
d:\github\gobang\gobang\x64\debug\gobang.tlog\rc.write.1.tlog
